<?xml version="1.0" encoding="UTF-8"?>
<!-- Generated by org.testng.reporters.JUnitReportReporter -->
<testsuite hostname="Abhishek" failures="0" tests="2" name="runner.MyTestRunner" time="3.643" errors="2" timestamp="2024-05-08T13:12:00 IST" skipped="0">
  <testcase classname="runner.MyTestRunner" name="runScenario" time="0.581">
    <error message="Cannot invoke &quot;pages.CartPage.checkoutItems()&quot; because &quot;this.cartPage&quot; is null" type="java.lang.NullPointerException">
      <![CDATA[java.lang.NullPointerException: Cannot invoke "pages.CartPage.checkoutItems()" because "this.cartPage" is null
at stepDefs.OrderStepDef.user_do_checkout(OrderStepDef.java:64)
at ✽.User do checkout(file:///C:/Users/Abhis/eclipse-workspace/BDDPOMDemo/src/test/resources/features/PlaceOrder.feature:15)
]]>
    </error>
  </testcase> <!-- runScenario -->
  <testcase classname="runner.MyTestRunner" name="runScenario" time="3.062">
    <error message="Cannot invoke &quot;pages.CartPage.isItemAdded()&quot; because &quot;this.cartPage&quot; is null" type="java.lang.NullPointerException">
      <![CDATA[java.lang.NullPointerException: Cannot invoke "pages.CartPage.isItemAdded()" because "this.cartPage" is null
at stepDefs.OrderStepDef.item_must_be_added(OrderStepDef.java:53)
at ✽.Item must be added(file:///C:/Users/Abhis/eclipse-workspace/BDDPOMDemo/src/test/resources/features/PlaceOrder.feature:11)
]]>
    </error>
  </testcase> <!-- runScenario -->
</testsuite> <!-- runner.MyTestRunner -->
